<?xml version="1.0" encoding="UTF-8"?>
<!-- Generated by org.testng.reporters.JUnitXMLReporter -->
<testsuite ignored="0" hostname="DESKTOP-IMBM639" failures="0" tests="3" name="Test" time="11.944" errors="0" timestamp="2025-05-11T02:15:00 PKT">
  <testcase classname="seleniumChallenges.ParallelExecutionWithDataProviderInTestNG" name="loginTest" time="11.809"/>
  <testcase classname="seleniumChallenges.ParallelExecutionWithDataProviderInTestNG" name="loginTest" time="11.838"/>
  <testcase classname="seleniumChallenges.ParallelExecutionWithDataProviderInTestNG" name="loginTest" time="11.87"/>
</testsuite> <!-- Test -->
