<?xml version="1.0" encoding="UTF-8"?>
<testng-results ignored="0" total="1" passed="1" failed="0" skipped="0">
  <reporter-output>
  </reporter-output>
  <suite started-at="2025-05-10T19:29:32 PKT" name="Default suite" finished-at="2025-05-10T19:30:05 PKT" duration-ms="33266">
    <groups>
    </groups>
    <test started-at="2025-05-10T19:29:32 PKT" name="Default test" finished-at="2025-05-10T19:30:05 PKT" duration-ms="33266">
      <class name="seleniumChallenges.HandleAJAXCalls">
        <test-method signature="handleAJAXCalls()[pri:0, instance:seleniumChallenges.HandleAJAXCalls@2c767a52]" started-at="2025-05-10T19:29:32 PKT" name="handleAJAXCalls" finished-at="2025-05-10T19:30:05 PKT" duration-ms="33190" status="PASS">
          <reporter-output>
          </reporter-output>
        </test-method> <!-- handleAJAXCalls -->
      </class> <!-- seleniumChallenges.HandleAJAXCalls -->
    </test> <!-- Default test -->
  </suite> <!-- Default suite -->
</testng-results>
