<?xml version="1.0" encoding="UTF-8"?>
<testng-results ignored="0" total="1" passed="1" failed="0" skipped="0">
  <reporter-output>
  </reporter-output>
  <suite started-at="2025-05-04T16:02:50 PKT" name="Default suite" finished-at="2025-05-04T16:02:56 PKT" duration-ms="6274">
    <groups>
    </groups>
    <test started-at="2025-05-04T16:02:50 PKT" name="Default test" finished-at="2025-05-04T16:02:56 PKT" duration-ms="6274">
      <class name="seleniumChallenges.IFrames">
        <test-method signature="handlingIFramesWithoutUsingSwitchTo()[pri:0, instance:seleniumChallenges.IFrames@2c767a52]" started-at="2025-05-04T16:02:50 PKT" name="handlingIFramesWithoutUsingSwitchTo" finished-at="2025-05-04T16:02:56 PKT" duration-ms="6210" status="PASS">
          <reporter-output>
          </reporter-output>
        </test-method> <!-- handlingIFramesWithoutUsingSwitchTo -->
      </class> <!-- seleniumChallenges.IFrames -->
    </test> <!-- Default test -->
  </suite> <!-- Default suite -->
</testng-results>
